GET /api/student/63905a7c8a49f0d1eeb2e54f 200 234 105.544 ms Wed, 07 Dec 2022 13:19:17 GMT -
GET /api/student 200 943 51.650 ms Wed, 07 Dec 2022 13:19:52 GMT -
POST /api/grade/add 200 160 187.515 ms Thu, 08 Dec 2022 05:45:17 GMT application/json
POST /api/grade/add 200 160 34.105 ms Thu, 08 Dec 2022 05:45:28 GMT application/json
POST /api/grade/add 200 160 177.465 ms Thu, 08 Dec 2022 05:45:35 GMT application/json
GET /api/grade 200 484 73.932 ms Thu, 08 Dec 2022 05:45:41 GMT -
POST /api/grade/add?gradeId=639179ed0c908bd78df77f93 200 160 982.195 ms Thu, 08 Dec 2022 05:47:47 GMT application/json
GET /api/grade 200 645 42.338 ms Thu, 08 Dec 2022 05:48:03 GMT -
POST /api/grade/add/639179ed0c908bd78df77f93 404 178 1.841 ms Thu, 08 Dec 2022 05:49:17 GMT application/json
POST /api/grade/add/639179ed0c908bd78df77f93 404 178 1.008 ms Thu, 08 Dec 2022 05:49:39 GMT application/json
POST /api/add/639179ed0c908bd78df77f93 404 172 0.761 ms Thu, 08 Dec 2022 05:50:03 GMT application/json
POST /api/grade/add/639179ed0c908bd78df77f93 404 178 19.341 ms Thu, 08 Dec 2022 05:54:02 GMT application/json
POST /api/grade/add/639179ed0c908bd78df77f93 404 178 2.153 ms Thu, 08 Dec 2022 05:54:17 GMT application/json
POST /api/grade/add/639179ed0c908bd78df77f93 404 178 1.618 ms Thu, 08 Dec 2022 05:54:48 GMT application/json
POST /api/grade/add/639179ed0c908bd78df77f93 404 178 22.239 ms Thu, 08 Dec 2022 05:55:10 GMT application/json
POST /api/grade/add/639179ed0c908bd78df77f93 404 178 1.992 ms Thu, 08 Dec 2022 05:57:21 GMT application/json
POST /api/student/add/639179ed0c908bd78df77f93 200 209 497.675 ms Thu, 08 Dec 2022 05:58:33 GMT application/json
POST /api/student 404 151 1.625 ms Thu, 08 Dec 2022 05:59:22 GMT application/json
GET /api/student 200 211 45.017 ms Thu, 08 Dec 2022 05:59:27 GMT application/json
GET /api/grade 200 671 808.306 ms Thu, 08 Dec 2022 05:59:40 GMT -
GET /api/grade/63903d872df2658a4f13830b 200 4 33.864 ms Thu, 08 Dec 2022 06:02:56 GMT -
GET /api/grade/639179ed0c908bd78df77f93 200 186 24.925 ms Thu, 08 Dec 2022 06:03:04 GMT -
GET /api/grade/639179ed0c908bd78df77f93 500 578 61.694 ms Thu, 08 Dec 2022 06:09:12 GMT -
GET /api/grade/639179ed0c908bd78df77f93 200 186 69.500 ms Thu, 08 Dec 2022 06:10:20 GMT -
GET /api/grade/639179ed0c908bd78df77f93 200 186 45.576 ms Thu, 08 Dec 2022 06:18:58 GMT -
GET /api/grade/639179ed0c908bd78df77f93 200 - 43.304 ms Thu, 08 Dec 2022 06:19:19 GMT -
GET /api/grade/639179ed0c908bd78df77f93 200 - 50.219 ms Thu, 08 Dec 2022 06:19:36 GMT -
GET /api/grade/639179ed0c908bd78df77f93 200 - 247.998 ms Thu, 08 Dec 2022 06:20:01 GMT -
GET /api/grade/639179ed0c908bd78df77f93 200 - 55.503 ms Thu, 08 Dec 2022 06:20:21 GMT -
GET /api/grade/639179ed0c908bd78df77f93 200 - 28.423 ms Thu, 08 Dec 2022 06:21:16 GMT -
GET /api/grade/639179ed0c908bd78df77f93 200 - 49.411 ms Thu, 08 Dec 2022 06:22:55 GMT -
GET /api/grade/639179ed0c908bd78df77f93 200 - 121.401 ms Thu, 08 Dec 2022 06:23:48 GMT -
GET /api/grade/639179ed0c908bd78df77f93 200 - 60.586 ms Thu, 08 Dec 2022 06:25:40 GMT -
GET /api/grade/639179ed0c908bd78df77f93 200 - 88.697 ms Thu, 08 Dec 2022 06:26:02 GMT -
GET /api/grade/639179ed0c908bd78df77f93 200 - 53.449 ms Thu, 08 Dec 2022 06:27:13 GMT -
GET /api/grade/639179ed0c908bd78df77f93 200 - 93.209 ms Thu, 08 Dec 2022 06:27:26 GMT -
GET /api/grade/639179ed0c908bd78df77f93 200 186 45.688 ms Thu, 08 Dec 2022 06:28:44 GMT -
GET /api/grade/639179ed0c908bd78df77f93 200 186 157.668 ms Thu, 08 Dec 2022 06:34:48 GMT -
GET /api/grade/639179ed0c908bd78df77f93 200 186 86.691 ms Thu, 08 Dec 2022 06:46:09 GMT -
GET /api/grade/639179ed0c908bd78df77f93 200 1378 124.151 ms Thu, 08 Dec 2022 06:46:35 GMT -
GET /api/grade/639179ed0c908bd78df77f93 500 1427 10.670 ms Thu, 08 Dec 2022 06:54:19 GMT -
GET /api/grade/639179ed0c908bd78df77f93 500 1040 105.698 ms Thu, 08 Dec 2022 06:54:44 GMT -
GET /api/grade/639179ed0c908bd78df77f93 500 1040 95.113 ms Thu, 08 Dec 2022 06:55:17 GMT -
GET /api/grade/639179ed0c908bd78df77f93 500 1040 86.510 ms Thu, 08 Dec 2022 06:55:54 GMT -
GET /api/grade/639179ed0c908bd78df77f93 500 807 104.596 ms Thu, 08 Dec 2022 06:56:34 GMT -
GET /api/grade/639179ed0c908bd78df77f93 500 807 326.133 ms Thu, 08 Dec 2022 06:56:49 GMT -
GET /api/grade/639179ed0c908bd78df77f93 200 6 2554.990 ms Thu, 08 Dec 2022 06:57:04 GMT -
GET /api/grade/639179ed0c908bd78df77f93 200 6 435.183 ms Thu, 08 Dec 2022 06:57:17 GMT -
GET /api/grade/639179ed0c908bd78df77f93 200 6 98.426 ms Thu, 08 Dec 2022 06:58:07 GMT -
GET /api/grade/639179ed0c908bd78df77f93 500 369 884.517 ms Thu, 08 Dec 2022 06:58:24 GMT -
GET /api/grade/639179ed0c908bd78df77f93 200 211 2004.877 ms Thu, 08 Dec 2022 06:58:35 GMT -
GET /api/grade/639179ed0c908bd78df77f93 200 732 99.103 ms Thu, 08 Dec 2022 07:01:35 GMT -
GET /api/grade/639179ed0c908bd78df77f93 200 416 83.280 ms Thu, 08 Dec 2022 07:07:04 GMT -
GET /api/student 200 211 48.133 ms Thu, 08 Dec 2022 07:07:39 GMT application/json
GET /api/grade/639179ed0c908bd78df77f93 200 416 53.222 ms Thu, 08 Dec 2022 07:07:43 GMT -
GET /api/student/639179ed0c908bd78df77f93 200 4 29.401 ms Thu, 08 Dec 2022 07:08:17 GMT application/json
GET /api/student/add/639179ed0c908bd78df77f93 404 179 2.516 ms Thu, 08 Dec 2022 07:08:50 GMT application/json
POST /api/student/add/639179ed0c908bd78df77f93 200 210 84.384 ms Thu, 08 Dec 2022 07:08:56 GMT application/json
GET /api/grade/639179ed0c908bd78df77f93 200 654 70.418 ms Thu, 08 Dec 2022 07:09:02 GMT -
GET /api/grade/639179ed0c908bd78df77f93 200 654 138.497 ms Thu, 08 Dec 2022 07:09:47 GMT -
PUT /api/grade/63903d872df2658a4f13830b 200 4 60.281 ms Thu, 08 Dec 2022 07:14:11 GMT application/json
GET /api/grade/639179ed0c908bd78df77f93 200 654 43.197 ms Thu, 08 Dec 2022 07:14:17 GMT -
PUT /api/grade/639179ed0c908bd78df77f93 200 208 45.951 ms Thu, 08 Dec 2022 07:14:26 GMT application/json
PUT /api/grade/639179ed0c908bd78df77f93 200 208 6754.322 ms Thu, 08 Dec 2022 07:16:27 GMT application/json
GET /api/student 200 422 52.346 ms Thu, 08 Dec 2022 07:25:25 GMT -
GET /api/student/63917d088a97924f40820939 200 209 99.196 ms Thu, 08 Dec 2022 07:25:37 GMT -
GET /api/grade 200 693 30.933 ms Thu, 08 Dec 2022 07:25:50 GMT -
GET /api/student/63917d088a97924f40820939 200 209 69.312 ms Thu, 08 Dec 2022 07:26:22 GMT -
GET /api/grade/639179ed0c908bd78df77f93 200 649 80.885 ms Thu, 08 Dec 2022 07:27:14 GMT -
GET /api/student/63917d088a97924f40820939 200 209 99.111 ms Thu, 08 Dec 2022 07:27:45 GMT -
GET /api/student/63917d088a97924f40820939 200 209 78.437 ms Thu, 08 Dec 2022 07:28:07 GMT -
GET /api/student/63917d088a97924f40820939 200 209 96.608 ms Thu, 08 Dec 2022 07:29:01 GMT -
GET /api/student/63917d088a97924f40820939 200 209 229.620 ms Thu, 08 Dec 2022 07:29:34 GMT -
GET /api/student/63917d088a97924f40820939 200 209 76.655 ms Thu, 08 Dec 2022 07:30:33 GMT -
GET /api/student/63917d088a97924f40820939 200 433 1121.163 ms Thu, 08 Dec 2022 07:30:44 GMT -
POST /api/student/add/639179ed0c908bd78df77f93 200 211 273.908 ms Thu, 08 Dec 2022 07:31:52 GMT application/json
POST /api/student/add/639179ed0c908bd78df77f93 200 211 110.549 ms Thu, 08 Dec 2022 07:32:03 GMT application/json
POST /api/student/add/639179ed0c908bd78df77f93 200 212 83.656 ms Thu, 08 Dec 2022 07:32:07 GMT application/json
DELETE /api/student/639192f2c8e52ccae6c8336d 200 - 82.268 ms Thu, 08 Dec 2022 07:32:51 GMT -
GET /api/student/63917d088a97924f40820939 200 514 81.423 ms Thu, 08 Dec 2022 07:33:03 GMT -
GET /api/student 200 847 38.924 ms Thu, 08 Dec 2022 07:33:06 GMT -
DELETE /api/student/639192f2c8e52ccae6c8336d 200 22 108.811 ms Thu, 08 Dec 2022 07:34:50 GMT -
GET /api/student 200 847 50.445 ms Thu, 08 Dec 2022 07:34:59 GMT -
GET /api/student 200 847 39.030 ms Thu, 08 Dec 2022 07:35:31 GMT -
DELETE /api/student/639192f7c8e52ccae6c83370 200 22 82.072 ms Thu, 08 Dec 2022 07:35:49 GMT -
GET /api/student 200 634 42.630 ms Thu, 08 Dec 2022 07:35:54 GMT -
POST /api/student/add/639179ed0c908bd78df77f93 200 208 280.953 ms Thu, 08 Dec 2022 07:36:14 GMT application/json
GET /api/student 200 843 332.487 ms Thu, 08 Dec 2022 07:36:18 GMT -
DELETE /api/student/639193ee483c782836956e27 200 22 181.811 ms Thu, 08 Dec 2022 07:36:43 GMT -
GET /api/student 200 634 38.742 ms Thu, 08 Dec 2022 07:36:51 GMT -
GET /api/grade 200 801 47.105 ms Thu, 08 Dec 2022 07:39:19 GMT -
POST /api/grade/add 200 179 213.246 ms Thu, 08 Dec 2022 09:13:10 GMT application/json
DELETE /api/grade/6391aaa612bff157ebf0ce1e 200 22 104.248 ms Thu, 08 Dec 2022 09:13:35 GMT -
DELETE /api/grade/6391aaa612bff157ebf0ce1 500 600 14.849 ms Thu, 08 Dec 2022 09:16:30 GMT -
GET /api/grade 200 1058 113.216 ms Thu, 08 Dec 2022 09:17:12 GMT -
POST /api/grade/add 200 179 799.546 ms Thu, 15 Dec 2022 11:31:19 GMT application/json
POST /api/grade/add 200 179 50.469 ms Thu, 15 Dec 2022 11:31:28 GMT application/json
POST /api/student/add/639b059081cb7707536ea528 200 215 434.178 ms Thu, 15 Dec 2022 11:33:34 GMT application/json
POST /api/student/add/639b059081cb7707536ea528 200 212 138.272 ms Thu, 15 Dec 2022 11:33:47 GMT application/json
POST /api/student/add/639b059081cb7707536ea 200 209 56.480 ms Thu, 15 Dec 2022 11:34:34 GMT application/json
DELETE /api/grade/639b059081cb7707536ea528 200 22 78.919 ms Thu, 15 Dec 2022 11:35:09 GMT -
DELETE /api/grade/639b059081cb7707536ea528 200 22 40.474 ms Thu, 15 Dec 2022 11:35:19 GMT -
POST /api/grade/add 200 179 301.470 ms Thu, 15 Dec 2022 11:56:15 GMT application/json
POST /api/student/add/639b0b5f81cb7707536ea534 200 209 84.066 ms Thu, 15 Dec 2022 11:56:37 GMT application/json
DELETE /api/grade/639b0b5f81cb7707536ea534 200 22 37.717 ms Thu, 15 Dec 2022 11:56:50 GMT -
DELETE /api/grade/639b0b5f81cb7707536ea534 200 22 38.567 ms Thu, 15 Dec 2022 11:57:06 GMT -
DELETE /api/grade/639b0b5f81cb7707536ea534 200 22 36.391 ms Thu, 15 Dec 2022 11:57:08 GMT -
DELETE /api/grade/639b0b5f81cb7707536ea534 200 22 97.403 ms Fri, 16 Dec 2022 04:36:02 GMT -
DELETE /api/grade/639b0b5f81cb7707536ea534 200 22 29.544 ms Fri, 16 Dec 2022 04:36:09 GMT -
GET /api/grade 200 1679 40.718 ms Fri, 16 Dec 2022 04:37:41 GMT -
POST /api/student/add/639b0b5f81cb7707536ea534 200 210 115.625 ms Fri, 16 Dec 2022 04:38:16 GMT application/json
GET /api/grade 200 1706 36.394 ms Fri, 16 Dec 2022 04:39:08 GMT -
DELETE /api/grade/639b0b5f81cb7707536ea534 200 22 708.382 ms Fri, 16 Dec 2022 04:58:36 GMT -
DELETE /api/grade/639b0b5f81cb7707536ea534 400 73 303.655 ms Fri, 16 Dec 2022 04:59:46 GMT -
DELETE /api/grade/639b0b5f81cb7707536ea534 400 73 5484.810 ms Fri, 16 Dec 2022 05:00:32 GMT -
DELETE /api/grade/639b0b5f81cb7707536ea534 400 73 510.467 ms Fri, 16 Dec 2022 05:00:38 GMT -
DELETE /api/grade/639b0b5f81cb7707536ea534 400 919 187.491 ms Fri, 16 Dec 2022 05:03:16 GMT -
DELETE /api/grade/639b0b5f81cb7707536ea534 400 686 38.322 ms Fri, 16 Dec 2022 05:03:42 GMT -
DELETE /api/grade/639b0b5f81cb7707536ea534 500 435 52.170 ms Fri, 16 Dec 2022 05:07:58 GMT -
DELETE /api/grade/639b0b5f81cb7707536ea534 400 919 41.797 ms Fri, 16 Dec 2022 05:11:25 GMT -
DELETE /api/grade/639b0b5f81cb7707536ea534 400 919 2819.678 ms Fri, 16 Dec 2022 05:13:33 GMT -
DELETE /api/grade/639b0b5f81cb7707536ea534 400 919 47.514 ms Fri, 16 Dec 2022 05:16:03 GMT -
DELETE /api/grade/639b0b5f81cb7707536ea534 400 919 44.729 ms Fri, 16 Dec 2022 05:21:07 GMT -
DELETE /api/grade/639b0b5f81cb7707536ea534 400 - 40.039 ms Fri, 16 Dec 2022 05:21:43 GMT -
DELETE /api/grade/639b0b5f81cb7707536ea534 200 54 102.299 ms Fri, 16 Dec 2022 05:22:42 GMT -
DELETE /api/grade/639b0b5f81cb7707536ea534 200 54 56.051 ms Fri, 16 Dec 2022 05:22:59 GMT -
DELETE /api/grade/639b0b5f81cb7707536ea534 200 490 57.202 ms Fri, 16 Dec 2022 05:23:21 GMT -
DELETE /api/grade/639b0b5f81cb7707536ea534 200 88 50.422 ms Fri, 16 Dec 2022 05:24:02 GMT -
DELETE /api/grade/639b0b5f81cb7707536ea534 200 84 60.719 ms Fri, 16 Dec 2022 05:24:19 GMT -
POST /api/grade/add 200 179 93.103 ms Fri, 16 Dec 2022 05:25:22 GMT application/json
GET /api/grade 200 1886 52.099 ms Fri, 16 Dec 2022 05:25:31 GMT -
DELETE /api/grade/639c0142bf738da486330a59 200 34 74.104 ms Fri, 16 Dec 2022 05:25:41 GMT -
GET /api/grade 200 1887 36.673 ms Fri, 16 Dec 2022 05:25:46 GMT -
DELETE /api/grade/639c0142bf738da486330a59 200 34 115.163 ms Fri, 16 Dec 2022 05:28:47 GMT -
DELETE /api/grade/639c0142bf738da486330a59 200 32 44.372 ms Fri, 16 Dec 2022 05:30:35 GMT -
POST /api/student/add/639b0b5f81cb7707536ea53 500 600 47.297 ms Fri, 16 Dec 2022 05:35:39 GMT application/json
POST /api/student/add/639b0b5f81cb7707536ea534 200 210 256.256 ms Fri, 16 Dec 2022 05:36:36 GMT application/json
POST /api/student/add/639b0b5f81cb7707536ea590 200 51 175.591 ms Fri, 16 Dec 2022 05:37:11 GMT application/json
POST /api/student/add/639b0b5f81cb7707536ea59 400 1068 24.535 ms Fri, 16 Dec 2022 05:38:06 GMT application/json
POST /api/student/add/639b0b5f81cb7707536ea59 400 298 14.960 ms Fri, 16 Dec 2022 05:38:10 GMT application/json
POST /api/student/add/639b0b5f81cb7707536ea59 400 125 45.472 ms Fri, 16 Dec 2022 05:38:23 GMT application/json
POST /api/student/add/639b0b5f81cb7707536ea590 200 51 46.794 ms Fri, 16 Dec 2022 05:38:33 GMT application/json
POST /api/grade/add 200 179 67.190 ms Fri, 16 Dec 2022 05:38:44 GMT application/json
POST /api/student/add/639c0464d23d6f3ff33737f2 200 209 118.670 ms Fri, 16 Dec 2022 05:39:04 GMT application/json
POST /api/student/add/639c0464d23d6f3ff33737f1 200 51 76.041 ms Fri, 16 Dec 2022 05:39:19 GMT application/json
DELETE /api/grade/639c0464d23d6f3ff33737f2 200 77 128.224 ms Fri, 16 Dec 2022 05:39:34 GMT -
GET /api/student 200 2115 74.443 ms Fri, 16 Dec 2022 05:40:21 GMT -
GET /api/grade 200 2120 107.264 ms Fri, 16 Dec 2022 05:40:32 GMT -
GET /api/student/63917d088a97924f40820939 200 560 54.881 ms Fri, 16 Dec 2022 05:40:44 GMT -
GET /api/student 200 2115 36.047 ms Fri, 16 Dec 2022 05:41:01 GMT -
GET /api/student/639c0477d23d6f3ff33737f5 200 560 81.060 ms Fri, 16 Dec 2022 05:41:11 GMT -
GET /api/student/639c0477d23d6f3ff33737f5 200 229 68.756 ms Fri, 16 Dec 2022 05:41:59 GMT -
DELETE /api/grade/639c0464d23d6f3ff33737f2 200 77 63.104 ms Fri, 16 Dec 2022 05:50:23 GMT -
GET /api/student 200 2115 75.544 ms Fri, 16 Dec 2022 05:59:30 GMT -
DELETE /api/student/639c0477d23d6f3ff33737f5 200 22 2007.625 ms Fri, 16 Dec 2022 05:59:52 GMT -
GET /api/grade/639c0464d23d6f3ff33737f2 200 2129 181.417 ms Fri, 16 Dec 2022 06:00:22 GMT -
GET /api/grade/639c0464d23d6f3ff33737f2 200 2129 48.828 ms Fri, 16 Dec 2022 06:00:54 GMT -
GET /api/student/639c0477d23d6f3ff33737f5 200 21 60.478 ms Fri, 16 Dec 2022 06:01:17 GMT -
GET /api/student/639c0477d23d6f3ff33737f5 200 21 74.376 ms Fri, 16 Dec 2022 06:01:21 GMT -
GET /api/student/639c0477d23d6f3ff33737f5 200 21 150.359 ms Fri, 16 Dec 2022 06:02:07 GMT -
GET /api/student/639c0477d23d6f3ff33737f5 200 31 40.888 ms Fri, 16 Dec 2022 06:02:55 GMT -
GET /api/student/639c0477d23d6f3ff33737f 400 127 13.282 ms Fri, 16 Dec 2022 06:03:16 GMT -
GET /api/student/639c0477d23d6f3ff33737f5 200 31 56.860 ms Fri, 16 Dec 2022 06:03:20 GMT -
GET /api/student 200 1905 32.879 ms Fri, 16 Dec 2022 06:03:32 GMT -
GET /api/student/639c03e4fdaf4a3105f6f19a 200 230 49.098 ms Fri, 16 Dec 2022 06:03:45 GMT -
GET /api/grade/639b0b5f81cb7707536ea534 200 2184 110.972 ms Fri, 16 Dec 2022 06:05:06 GMT -
GET /api/grade/639b0b5f81cb7707536ea534 400 247 802.188 ms Fri, 16 Dec 2022 06:08:17 GMT -
GET /api/grade/639b0b5f81cb7707536ea534 400 247 27.533 ms Fri, 16 Dec 2022 06:08:32 GMT -
POST /api/grade/add 200 182 65.116 ms Fri, 16 Dec 2022 06:09:00 GMT application/json
POST /api/student/add/639c0b7cb73d1d3798bc6d4f 200 210 122.450 ms Fri, 16 Dec 2022 06:09:21 GMT application/json
GET /api/grade 200 2329 32.010 ms Fri, 16 Dec 2022 06:09:38 GMT -
GET /api/grade/639c0b7cb73d1d3798bc6d4f 400 153 83.468 ms Fri, 16 Dec 2022 06:09:48 GMT -
GET /api/grade/639c0b7cb73d1d3798bc6d4f 200 208 151.900 ms Fri, 16 Dec 2022 06:10:06 GMT -
GET /api/grade/639c0b7cb73d1d3798bc6d4f 200 208 146.445 ms Fri, 16 Dec 2022 06:10:55 GMT -
GET /api/grade/639c0b7cb73d1d3798bc6d4f 200 208 595.905 ms Fri, 16 Dec 2022 06:11:03 GMT -
GET /api/grade/639c0b7cb73d1d3798bc6d4f 400 153 48.623 ms Fri, 16 Dec 2022 06:13:03 GMT -
GET /api/grade/639c0b7cb73d1d3798bc6d4f 200 208 117.311 ms Fri, 16 Dec 2022 06:18:52 GMT -
GET /api/grade/639c0b7cb73d1d3798bc6d4f 200 208 137.194 ms Fri, 16 Dec 2022 06:22:18 GMT -
GET /api/grade/639c0b7cb73d1d3798bc6d4f 200 208 80.641 ms Fri, 16 Dec 2022 06:22:34 GMT -
GET /api/grade/639c0b7cb73d1d3798bc6d4f 400 106 97.718 ms Fri, 16 Dec 2022 06:24:04 GMT -
GET /api/grade/639c0b7cb73d1d3798bc6d4f 400 106 79.846 ms Fri, 16 Dec 2022 06:24:29 GMT -
GET /api/grade/639c0b7cb73d1d3798bc6d4f 400 106 66.801 ms Fri, 16 Dec 2022 06:24:53 GMT -
GET /api/grade/639c0b7cb73d1d3798bc6d4f 400 106 68.464 ms Fri, 16 Dec 2022 06:25:11 GMT -
GET /api/grade/639c0b7cb73d1d3798bc6d4f 400 32 54.403 ms Fri, 16 Dec 2022 06:26:31 GMT -
GET /api/grade/639c0b7cb73d1d3798bc6d4f 400 115 72.668 ms Fri, 16 Dec 2022 06:27:07 GMT -
GET /api/grade/639c0b7cb73d1d3798bc6d4f 200 208 79.559 ms Fri, 16 Dec 2022 06:27:25 GMT -
GET /api/grade/639c0b7cb73d1d3798bc6d4f 200 208 107.322 ms Fri, 16 Dec 2022 06:27:52 GMT -
GET /api/grade/639c0b7cb73d1d3798bc6d4f 200 208 86.311 ms Fri, 16 Dec 2022 06:33:58 GMT -
GET /api/grade/639c0b7cb73d1d3798bc6d4f 200 208 626.022 ms Fri, 16 Dec 2022 06:34:25 GMT -
GET /api/grade/639c0b7cb73d1d3798bc6d4f 200 208 142.283 ms Fri, 16 Dec 2022 06:35:56 GMT -
GET /api/grade/639c0b7cb73d1d3798bc6d4f 200 208 561.849 ms Fri, 16 Dec 2022 06:36:16 GMT -
GET /api/grade/639c0b7cb73d1d3798bc6d4f 200 208 392.356 ms Fri, 16 Dec 2022 06:36:37 GMT -
GET /api/grade/639c0b7cb73d1d3798bc6d4f 200 208 1040.667 ms Fri, 16 Dec 2022 06:36:56 GMT -
GET /api/grade/639c0b7cb73d1d3798bc6d4f 200 208 319.876 ms Fri, 16 Dec 2022 06:37:46 GMT -
GET /api/grade/639c0b7cb73d1d3798bc6d4f 200 236 90.363 ms Fri, 16 Dec 2022 06:37:58 GMT -
GET /api/student/639c0b90b73d1d3798bc6d52 200 230 60.289 ms Fri, 16 Dec 2022 06:38:44 GMT -
GET /api/student/639c0b90b73d1d3798bc6d52 200 210 94.760 ms Fri, 16 Dec 2022 06:39:19 GMT -
GET /api/student/639c0b90b73d1d3798bc6d52 200 238 108.710 ms Fri, 16 Dec 2022 06:39:48 GMT -
DELETE /api/student/639c0477d23d6f3ff33737f5 200 22 72.501 ms Fri, 16 Dec 2022 06:42:46 GMT -
DELETE /api/student/639c0b90b73d1d3798bc6d52 200 22 64.700 ms Fri, 16 Dec 2022 06:43:15 GMT -
DELETE /api/student/639c0b90b73d1d3798bc6d52 200 22 82.755 ms Fri, 16 Dec 2022 06:43:28 GMT -
GET /api/grade 200 2329 368.913 ms Fri, 16 Dec 2022 06:43:37 GMT -
GET /api/grade 200 2329 883.316 ms Fri, 16 Dec 2022 06:43:54 GMT -
GET /api/grade/639c0b7cb73d1d3798bc6d4f 200 229 354.288 ms Fri, 16 Dec 2022 06:44:04 GMT -
DELETE /api/student/639c0b90b73d1d3798bc6d52 200 22 55.197 ms Fri, 16 Dec 2022 06:45:16 GMT -
GET /api/grade/639c0b7cb73d1d3798bc6d4f 200 229 95.905 ms Fri, 16 Dec 2022 06:45:23 GMT -
DELETE /api/student/639c0b90b73d1d3798bc6d52 200 22 33.213 ms Fri, 16 Dec 2022 06:48:47 GMT -
GET /api/student/639c0b90b73d1d3798bc6d52 200 31 29.993 ms Fri, 16 Dec 2022 06:48:51 GMT -
GET /api/grade 200 2329 45.104 ms Fri, 16 Dec 2022 06:48:58 GMT -
GET /api/grade 200 2329 1851.800 ms Fri, 16 Dec 2022 06:50:05 GMT -
GET /api/grade/639c0b7cb73d1d3798bc6d4f 200 229 318.987 ms Fri, 16 Dec 2022 06:50:16 GMT -
GET /api/grade/639c0b7cb73d1d3798bc6d4f 200 229 3595.718 ms Fri, 16 Dec 2022 06:51:18 GMT -
DELETE /api/student/639c0b90b73d1d3798bc6d52 404 14 3259.216 ms Fri, 16 Dec 2022 06:52:34 GMT -
DELETE /api/student/639c0b90b73d1d3798bc6d52 404 28 1813.529 ms Fri, 16 Dec 2022 06:52:53 GMT -
POST /api/student/add/639c0b7cb73d1d3798bc6d4f 200 210 344.583 ms Fri, 16 Dec 2022 06:53:25 GMT application/json
GET /api/student/639c0b7cb73d1d3798bc6d4f 200 31 281.170 ms Fri, 16 Dec 2022 06:53:41 GMT -
GET /api/grade/639c0b7cb73d1d3798bc6d4f 400 161 27.911 ms Fri, 16 Dec 2022 06:54:02 GMT -
GET /api/grade/639c0b7cb73d1d3798bc6d4f 400 161 52.483 ms Fri, 16 Dec 2022 06:54:54 GMT -
GET /api/student/639c15e4c628b416313839b0 200 238 87.029 ms Fri, 16 Dec 2022 06:55:22 GMT -
GET /api/grade/639c0b7cb73d1d3798bc6d4f 400 161 24.554 ms Fri, 16 Dec 2022 06:55:39 GMT -
GET /api/grade/639c0b7cb73d1d3798bc6d4f 200 263 65.516 ms Fri, 16 Dec 2022 06:56:04 GMT -
DELETE /api/student/639c15e4c628b416313839b0 200 22 344.152 ms Fri, 16 Dec 2022 06:56:37 GMT -
GET /api/grade/639c0b7cb73d1d3798bc6d4f 200 229 51.093 ms Fri, 16 Dec 2022 06:56:49 GMT -
GET /api/grade 200 2 46.631 ms Fri, 16 Dec 2022 06:58:02 GMT -
GET /api/student 200 2 516.409 ms Fri, 16 Dec 2022 06:58:06 GMT -
GET /api/grade/639c0b7cb73d1d3798bc6d4f 200 23 89.789 ms Fri, 16 Dec 2022 06:58:09 GMT -
DELETE /api/grade/639c0464d23d6f3ff33737f2 200 32 276.451 ms Fri, 16 Dec 2022 06:58:16 GMT -
DELETE /api/student/639c15e4c628b416313839b0 404 28 24.807 ms Fri, 16 Dec 2022 06:58:19 GMT -
GET /api/student/639c15e4c628b416313839b0 200 31 66.880 ms Fri, 16 Dec 2022 06:58:23 GMT -
POST /api/grade/add 200 182 69.944 ms Fri, 16 Dec 2022 06:58:26 GMT application/json
POST /api/grade/add 500 1377 64.819 ms Fri, 16 Dec 2022 06:58:44 GMT application/json
POST /api/grade/add 400 128 98.691 ms Fri, 16 Dec 2022 06:59:28 GMT application/json
POST /api/grade/add 200 181 40.022 ms Fri, 16 Dec 2022 06:59:45 GMT application/json
POST /api/grade/add 200 184 43.078 ms Fri, 16 Dec 2022 06:59:49 GMT application/json
POST /api/grade/add 200 185 28.684 ms Fri, 16 Dec 2022 07:00:51 GMT application/json
GET /api/grade 200 737 62.268 ms Fri, 16 Dec 2022 07:01:05 GMT -
POST /api/student/add/639c17123304693791597679 200 211 143.898 ms Fri, 16 Dec 2022 07:01:26 GMT application/json
POST /api/student/add/639c17123304693791597679 200 211 105.954 ms Fri, 16 Dec 2022 07:01:32 GMT application/json
POST /api/student/add/639c17123304693791597679 200 210 93.994 ms Fri, 16 Dec 2022 07:01:37 GMT application/json
GET /api/student 200 636 27.005 ms Fri, 16 Dec 2022 07:01:44 GMT -
GET /api/grade 200 817 41.480 ms Fri, 16 Dec 2022 07:01:52 GMT -
GET /api/grade/639c17123304693791597679 200 308 45.718 ms Fri, 16 Dec 2022 07:02:00 GMT -
GET /api/student/639c17c6a362d2e9199bfc81 200 239 72.193 ms Fri, 16 Dec 2022 07:02:14 GMT -
DELETE /api/student/639c17c6a362d2e9199bfc81 200 22 106.853 ms Fri, 16 Dec 2022 07:03:17 GMT -
DELETE /api/student/639c17c6a362d2e9199bfc81 404 28 37.862 ms Fri, 16 Dec 2022 07:03:19 GMT -
GET /api/grade/639c17123304693791597679 200 272 57.462 ms Fri, 16 Dec 2022 07:03:27 GMT -
DELETE /api/grade/639c17123304693791597679 200 87 43.562 ms Fri, 16 Dec 2022 07:04:41 GMT -
PUT /api/grade/639179ed0c908bd78df77f93 200 4 380.184 ms Fri, 16 Dec 2022 07:18:52 GMT application/json
PUT /api/grade/639179ed0c908bd78df77f93 200 4 1887.767 ms Fri, 16 Dec 2022 07:19:50 GMT application/json
PUT /api/grade/639179ed0c908bd78df77f93 200 4 297.003 ms Fri, 16 Dec 2022 07:20:04 GMT application/json
GET /api/student 200 424 35.997 ms Fri, 16 Dec 2022 07:21:08 GMT -
GET /api/grade 200 790 39.048 ms Fri, 16 Dec 2022 07:21:29 GMT -
PUT /api/grade/639c17d1a362d2e9199bfc89 200 4 25.973 ms Fri, 16 Dec 2022 07:21:42 GMT application/json
PUT /api/student/639c17d1a362d2e9199bfc89 200 210 43.560 ms Fri, 16 Dec 2022 07:22:24 GMT application/json
PUT /api/update/student/639c17d1a362d2e9199bfc89 404 182 18.732 ms Fri, 16 Dec 2022 07:23:21 GMT application/json
PUT /api/update/student/639c17d1a362d2e9199bfc89 404 182 1.912 ms Fri, 16 Dec 2022 07:23:38 GMT application/json
PUT /api/update/639c17d1a362d2e9199bfc89 404 174 1.185 ms Fri, 16 Dec 2022 07:23:46 GMT application/json
PUT /api/update/639c17d1a362d2e9199bfc89 404 174 27.431 ms Fri, 16 Dec 2022 07:24:11 GMT application/json
PUT /api/student/update/639c17d1a362d2e9199bfc89 200 210 346.137 ms Fri, 16 Dec 2022 07:24:28 GMT application/json
GET /api/student 200 424 48.332 ms Fri, 16 Dec 2022 07:25:20 GMT -
PUT /api/student/update/639c17d1a362d2e9199bfc89 200 43 22.699 ms Fri, 16 Dec 2022 07:26:01 GMT application/json
PUT /api/student/update/639c17d1a362d2e9199bfc89 200 209 103.490 ms Fri, 16 Dec 2022 07:26:18 GMT application/json
PUT /api/student/update/639c17d1a362d2e9199bfc89 200 43 1.196 ms Fri, 16 Dec 2022 07:26:41 GMT application/json
GET /api/grade 200 790 31.380 ms Fri, 16 Dec 2022 07:27:12 GMT -
GET /api/student/639c17123304693791597679 200 31 29.871 ms Fri, 16 Dec 2022 07:27:38 GMT -
GET /api/student 200 423 28.112 ms Fri, 16 Dec 2022 07:27:46 GMT -
GET /api/grade/639c17123304693791597679 200 271 47.626 ms Fri, 16 Dec 2022 07:27:59 GMT -
PUT /api/grade/639c17123304693791597679 200 182 91.517 ms Fri, 16 Dec 2022 07:30:32 GMT application/json
PUT /api/grade/639c17123304693791597679 200 187 30.186 ms Fri, 16 Dec 2022 07:30:44 GMT application/json
PUT /api/grade/639c17123304693791597679 200 187 80.962 ms Fri, 16 Dec 2022 07:31:33 GMT application/json
PUT /api/grade/update/639c17123304693791597679 200 187 78.063 ms Fri, 16 Dec 2022 07:33:13 GMT application/json
PUT /api/grade/update/639c17123304693791597679 200 187 39.217 ms Fri, 16 Dec 2022 07:33:16 GMT application/json
PUT /api/grade/update/639c17123304693791597679 200 187 77.680 ms Fri, 16 Dec 2022 07:33:37 GMT application/json
PUT /api/grade/update/639c17123304693791597679 200 187 108.090 ms Fri, 16 Dec 2022 07:33:54 GMT application/json
PUT /api/grade/update/639c17123304693791597679 200 51 23.009 ms Fri, 16 Dec 2022 07:34:26 GMT application/json
PUT /api/grade/update/639c17123304693791597679 200 51 22.681 ms Fri, 16 Dec 2022 07:34:38 GMT application/json
